<?xml version="1.0" encoding="UTF-8"?>
<!-- Generated by org.testng.reporters.JUnitXMLReporter -->
<testsuite ignored="0" hostname="Ranvijay" failures="1" tests="2" name="Ecommerce Order Test" time="8.348" errors="0" timestamp="2024-02-28T07:56:48 IST">
  <testcase classname="ranvijaybhaskar.Tests.EcommerceOrderTest" name="submitOrderTest" time="4.181">
    <failure type="java.lang.AssertionError" message="Confirmation Message doesn&amp;apos;t matches expected [true] but found [false]">
      <![CDATA[java.lang.AssertionError: Confirmation Message doesn't matches expected [true] but found [false]
at ranvijaybhaskar.Tests.EcommerceOrderTest.submitOrderTest(EcommerceOrderTest.java:53)
at java.base/java.util.ArrayList.forEach(ArrayList.java:1511)
at java.base/java.util.concurrent.FutureTask.run(FutureTask.java:264)
at java.base/java.util.concurrent.ThreadPoolExecutor.runWorker(ThreadPoolExecutor.java:1136)
at java.base/java.util.concurrent.ThreadPoolExecutor$Worker.run(ThreadPoolExecutor.java:635)
at java.base/java.lang.Thread.run(Thread.java:840)
... Removed 20 stack frames]]>
    </failure>
  </testcase> <!-- submitOrderTest -->
  <testcase classname="ranvijaybhaskar.Tests.EcommerceOrderTest" name="OrderHistoryTest" time="0.001">
    <skipped/>
  </testcase> <!-- OrderHistoryTest -->
</testsuite> <!-- Ecommerce Order Test -->
