<?xml version="1.0" encoding="UTF-8"?>
<!-- Generated by org.testng.reporters.JUnitXMLReporter -->
<testsuite ignored="0" hostname="Ranvijay" failures="2" tests="4" name="Error Validation Test" time="16.696" errors="0" timestamp="2024-02-28T07:56:56 IST">
  <testcase classname="ranvijaybhaskar.Tests.ErrorValidationTest" name="validateLoginErrorWrongEmail" time="0.699">
    <skipped/>
  </testcase> <!-- validateLoginErrorWrongEmail -->
  <testcase classname="ranvijaybhaskar.Tests.ErrorValidationTest" name="validateLoginErrorWrongEmail" time="0.689">
    <failure type="java.lang.AssertionError" message="expected [Incorrect email or password.] but found [dfIncorrect email or password.]">
      <![CDATA[java.lang.AssertionError: expected [Incorrect email or password.] but found [dfIncorrect email or password.]
at ranvijaybhaskar.Tests.ErrorValidationTest.validateLoginErrorWrongEmail(ErrorValidationTest.java:20)
at java.base/java.util.ArrayList.forEach(ArrayList.java:1511)
at java.base/java.util.concurrent.FutureTask.run(FutureTask.java:264)
at java.base/java.util.concurrent.ThreadPoolExecutor.runWorker(ThreadPoolExecutor.java:1136)
at java.base/java.util.concurrent.ThreadPoolExecutor$Worker.run(ThreadPoolExecutor.java:635)
at java.base/java.lang.Thread.run(Thread.java:840)
... Removed 23 stack frames]]>
    </failure>
  </testcase> <!-- validateLoginErrorWrongEmail -->
  <testcase classname="ranvijaybhaskar.Tests.ErrorValidationTest" name="validateLoginErrorWrongPassword" time="0.4">
    <skipped/>
  </testcase> <!-- validateLoginErrorWrongPassword -->
  <testcase classname="ranvijaybhaskar.Tests.ErrorValidationTest" name="validateLoginErrorWrongPassword" time="0.351">
    <failure type="java.lang.AssertionError" message="expected [Incorrect email or password.] but found [dfIncorrect email or password.]">
      <![CDATA[java.lang.AssertionError: expected [Incorrect email or password.] but found [dfIncorrect email or password.]
at ranvijaybhaskar.Tests.ErrorValidationTest.validateLoginErrorWrongPassword(ErrorValidationTest.java:25)
at java.base/java.util.ArrayList.forEach(ArrayList.java:1511)
at java.base/java.util.concurrent.FutureTask.run(FutureTask.java:264)
at java.base/java.util.concurrent.ThreadPoolExecutor.runWorker(ThreadPoolExecutor.java:1136)
at java.base/java.util.concurrent.ThreadPoolExecutor$Worker.run(ThreadPoolExecutor.java:635)
at java.base/java.lang.Thread.run(Thread.java:840)
... Removed 23 stack frames]]>
    </failure>
  </testcase> <!-- validateLoginErrorWrongPassword -->
</testsuite> <!-- Error Validation Test -->
